Arguments: 
  C:\Program Files\nodejs\node.exe C:\Users\Archie\.yarn\releases\yarn-1.22.5.js init

PATH: 
  C:\Python38\Scripts\;C:\Python38\;C:\Program Files (x86)\Razer Chroma SDK\bin;C:\Program Files\Razer Chroma SDK\bin;C:\Windows\system32;C:\Windows;C:\Windows\System32\Wbem;C:\Windows\System32\WindowsPowerShell\v1.0\;C:\Users\Archie\AppData\Local\Microsoft\WindowsApps;C:\WINDOWS\system32;C:\WINDOWS;C:\WINDOWS\System32\Wbem;C:\WINDOWS\System32\WindowsPowerShell\v1.0\;C:\WINDOWS\System32\OpenSSH\;C:\Program Files (x86)\NVIDIA Corporation\PhysX\Common;C:\Program Files\NVIDIA Corporation\NVIDIA NvDLISR;C:\WINDOWS\system32;C:\WINDOWS;C:\WINDOWS\System32\Wbem;C:\WINDOWS\System32\WindowsPowerShell\v1.0\;C:\WINDOWS\System32\OpenSSH\;C:\Program Files\dotnet\;C:\Program Files\Microsoft SQL Server\130\Tools\Binn\;C:\Program Files\Microsoft SQL Server\Client SDK\ODBC\170\Tools\Binn\;C:\ProgramData\chocolatey\bin;E:\Git\cmd;C:\Program Files (x86)\Yarn\bin\;C:\Users\Archie\AppData\Roaming\nvm;C:\Program Files\nodejs;C:\Users\Archie\AppData\Local\Microsoft\WindowsApps;C:\Users\Archie\AppData\Local\atom\bin;C:\Users\Archie\AppData\Roaming\Dashlane\6.2030.0.37244\bin\Firefox_Extension\{442718d9-475e-452a-b3e1-fb1ee16b8e9f}\components;C:\Users\Archie\AppData\Roaming\Dashlane\6.2030.0.37244\ucrt;C:\Users\Archie\AppData\Roaming\Dashlane\6.2030.0.37244\bin\Qt;C:\Users\Archie\AppData\Roaming\Dashlane\6.2030.0.37244\bin\Ssl;C:\Users\Archie\AppData\Local\GitHubDesktop\bin;C:\Users\Archie\AppData\Local\Yarn\bin;C:\Users\Archie\AppData\Roaming\npm;C:\Users\Archie\AppData\Roaming\nvm;C:\Program Files\nodejs;C:\Users\Archie\AppData\Local\Programs\IPFS Desktop\resources\app.asar.unpacked\src\ipfs-on-path\scripts\bin-win;C:\Program Files\heroku\bin;C:\Users\Archie\AppData\Local\Programs\Microsoft VS Code\bin;C:\Users\Archie\AppData\Local\Google\Cloud SDK\google-cloud-sdk\bin;C:\Users\Archie\AppData\Local\Microsoft\WindowsApps;

Yarn version: 
  1.22.5

Node version: 
  12.18.0

Platform: 
  win32 x64

Trace: 
  Error: canceled
      at Interface.<anonymous> (C:\Users\Archie\.yarn\releases\yarn-1.22.5.js:131420:13)
      at Interface.emit (events.js:315:20)
      at Interface._ttyWrite (readline.js:866:16)
      at ReadStream.onkeypress (readline.js:205:10)
      at ReadStream.emit (events.js:315:20)
      at emitKeys (internal/readline/utils.js:335:14)
      at emitKeys.next (<anonymous>)
      at ReadStream.onData (readline.js:1133:36)
      at ReadStream.emit (events.js:315:20)
      at addChunk (_stream_readable.js:295:12)

npm manifest: 
  No manifest

yarn manifest: 
  No manifest

Lockfile: 
  No lockfile
